{
  "stats": {
    "suites": 3,
    "tests": 11,
    "passes": 7,
    "pending": 0,
    "failures": 4,
    "start": "2024-11-04T09:42:48.378Z",
    "end": "2024-11-04T09:44:01.637Z",
    "duration": 73259,
    "testsRegistered": 11,
    "passPercent": 63.63636363636363,
    "pendingPercent": 0,
    "other": 0,
    "hasOther": false,
    "skipped": 0,
    "hasSkipped": false
  },
  "results": [
    {
      "uuid": "5d3a8e0f-f174-4ec4-999e-e873913c3c36",
      "title": "",
      "fullFile": "",
      "file": "",
      "beforeHooks": [],
      "afterHooks": [],
      "tests": [],
      "suites": [
        {
          "uuid": "c8150900-aba4-4719-8c67-b58908f39db8",
          "title": "GuiVanBan_TC_14 - Gửi tin nhắn văn bản",
          "fullFile": "D:\\DAI_HOC\\NAM_4\\KI_1\\KiemThu\\AutoTest\\test\\tc_14.js",
          "file": "\\test\\tc_14.js",
          "beforeHooks": [
            {
              "title": "\"before all\" hook in \"GuiVanBan_TC_14 - Gửi tin nhắn văn bản\"",
              "fullTitle": "GuiVanBan_TC_14 - Gửi tin nhắn văn bản \"before all\" hook in \"GuiVanBan_TC_14 - Gửi tin nhắn văn bản\"",
              "timedOut": false,
              "duration": 2395,
              "state": null,
              "speed": null,
              "pass": false,
              "fail": false,
              "pending": false,
              "context": null,
              "code": "// Khởi tạo WebDriver cho trình duyệt Chrome\ndriver = await new Builder().forBrowser(Browser.CHROME).build();\nawait handleLogin(driver);",
              "err": {},
              "uuid": "c2ff351b-cbaf-48a6-9090-e4388be99e9c",
              "parentUUID": "c8150900-aba4-4719-8c67-b58908f39db8",
              "isHook": true,
              "skipped": false
            }
          ],
          "afterHooks": [
            {
              "title": "\"after all\" hook in \"GuiVanBan_TC_14 - Gửi tin nhắn văn bản\"",
              "fullTitle": "GuiVanBan_TC_14 - Gửi tin nhắn văn bản \"after all\" hook in \"GuiVanBan_TC_14 - Gửi tin nhắn văn bản\"",
              "timedOut": false,
              "duration": 72,
              "state": null,
              "speed": null,
              "pass": false,
              "fail": false,
              "pending": false,
              "context": null,
              "code": "// Đóng WebDriver sau khi hoàn thành kiểm thử\nawait driver.quit();",
              "err": {},
              "uuid": "6f5ad469-e27e-4256-a5b6-6e3a8b160940",
              "parentUUID": "c8150900-aba4-4719-8c67-b58908f39db8",
              "isHook": true,
              "skipped": false
            },
            {
              "title": "\"after each\" hook in \"GuiVanBan_TC_14 - Gửi tin nhắn văn bản\"",
              "fullTitle": "GuiVanBan_TC_14 - Gửi tin nhắn văn bản \"after each\" hook in \"GuiVanBan_TC_14 - Gửi tin nhắn văn bản\"",
              "timedOut": false,
              "duration": 1014,
              "state": null,
              "speed": null,
              "pass": false,
              "fail": false,
              "pending": false,
              "context": null,
              "code": "await driver.sleep(1000)",
              "err": {},
              "uuid": "afe549f4-928d-4556-bbf5-791889877afa",
              "parentUUID": "c8150900-aba4-4719-8c67-b58908f39db8",
              "isHook": true,
              "skipped": false
            }
          ],
          "tests": [
            {
              "title": "GuiVanBan_TC_14_1 - Gửi tin nhắn văn bản không nhập nội dung tin nhắn vào",
              "fullTitle": "GuiVanBan_TC_14 - Gửi tin nhắn văn bản GuiVanBan_TC_14_1 - Gửi tin nhắn văn bản không nhập nội dung tin nhắn vào",
              "timedOut": false,
              "duration": 1887,
              "state": "passed",
              "speed": "slow",
              "pass": true,
              "fail": false,
              "pending": false,
              "context": null,
              "code": "// Giả định người dùng đã đăng nhập và đang ở trang nhắn tin\nawait driver.get(\"http://localhost:5173/chats/6641d48a0e56ccbea8104679\"); // URL trang nhắn tin\nawait driver.sleep(500);\n// Bước 1: Không nhập nội dung vào ô tin nhắn\nconst messageInput = await driver.findElement(\n  By.css(\"textarea[name='message']\"),\n);\nawait messageInput.sendKeys(''); // Đảm bảo ô tin nhắn trống\n// Bước 2: Nhấn Enter để gửi tin nhắn trống\nawait messageInput.sendKeys(Key.ENTER);\nawait driver.sleep(500);\n// Kiểm tra kết quả kỳ vọng: Hiển thị thông báo lỗi\nconst errorElement = await driver.wait(\n  until.elementLocated(\n    By.css(\n      \".Toastify__toast.Toastify__toast--error\",\n    ),\n  ),\n  5000,\n);\nconst errorMessage = await errorElement?.getText();\nawait driver.sleep(500);\n// So sánh với thông báo lỗi dự kiến\nexpect(errorMessage).to.equal(\"Nội dung tin nhắn không được để trống\");",
              "err": {},
              "uuid": "68246448-6630-4120-bcf6-1fb3cd633e18",
              "parentUUID": "c8150900-aba4-4719-8c67-b58908f39db8",
              "isHook": false,
              "skipped": false
            },
            {
              "title": "GuiVanBan_TC_14_2 - Gửi tin nhắn văn bản nhập ký tự khoảng cách",
              "fullTitle": "GuiVanBan_TC_14 - Gửi tin nhắn văn bản GuiVanBan_TC_14_2 - Gửi tin nhắn văn bản nhập ký tự khoảng cách",
              "timedOut": false,
              "duration": 1831,
              "state": "passed",
              "speed": "slow",
              "pass": true,
              "fail": false,
              "pending": false,
              "context": null,
              "code": "// Giả định người dùng đã đăng nhập và đang ở trang nhắn tin\nawait driver.get(\"http://localhost:5173/chats/6641d48a0e56ccbea8104679\"); // URL trang nhắn tin\nawait driver.sleep(500);\n// Bước 1: Không nhập nội dung vào ô tin nhắn\nconst messageInput = await driver.findElement(\n  By.css(\"textarea[name='message']\"),\n);\nawait messageInput.sendKeys('  ');\n// Bước 2: Nhấn Enter để gửi tin nhắn trống\nawait messageInput.sendKeys(Key.ENTER);\nawait driver.sleep(500);\n// Kiểm tra kết quả kỳ vọng: Hiển thị thông báo lỗi\nconst errorElement = await driver.wait(\n  until.elementLocated(\n    By.css(\n      \".Toastify__toast.Toastify__toast--error\",\n    ),\n  ),\n  5000,\n);\nconst errorMessage = await errorElement?.getText();\nawait driver.sleep(500);\n// So sánh với thông báo lỗi dự kiến\nexpect(errorMessage).to.equal(\"Nội dung tin nhắn không được để trống\");",
              "err": {},
              "uuid": "7ae13f41-307f-47ac-bc48-7f3af293c48e",
              "parentUUID": "c8150900-aba4-4719-8c67-b58908f39db8",
              "isHook": false,
              "skipped": false
            },
            {
              "title": "GuiVanBan_TC_14_3 - Gửi tin nhắn văn bản nhập dưới 500 ký tự",
              "fullTitle": "GuiVanBan_TC_14 - Gửi tin nhắn văn bản GuiVanBan_TC_14_3 - Gửi tin nhắn văn bản nhập dưới 500 ký tự",
              "timedOut": false,
              "duration": 3846,
              "state": "passed",
              "speed": "slow",
              "pass": true,
              "fail": false,
              "pending": false,
              "context": null,
              "code": "// Giả định người dùng đã đăng nhập và đang ở trang nhắn tin\nawait driver.get(\"http://localhost:5173/chats/6641d48a0e56ccbea8104679\"); // URL trang nhắn tin\nawait driver.sleep(500);\n// Bước 1: Không nhập nội dung vào ô tin nhắn\nconst messageInput = await driver.findElement(\n  By.css(\"textarea[name='message']\"),\n);\nconst messageContent = 'nội dung dưới 500 ký tự'\nawait messageInput.sendKeys(messageContent);\nawait messageInput.sendKeys(Key.ENTER);\nawait driver.sleep(3000);\n// Lấy danh sách tin nhắn\nconst messages = await driver.findElements(By.css(\".message\")); // `.message-content` là selector của mỗi tin nhắn\n// Lấy tin nhắn cuối cùng\nconst lastMessage = messages[messages.length - 1];\nconst lastMessageContent = await lastMessage.getText();\n// Kiểm tra xem nội dung tin nhắn cuối có khớp không\nexpect(lastMessageContent).to.equal(messageContent);",
              "err": {},
              "uuid": "cc3d4ea1-0a43-4c10-ae8d-7b0f01fe59a7",
              "parentUUID": "c8150900-aba4-4719-8c67-b58908f39db8",
              "isHook": false,
              "skipped": false
            },
            {
              "title": "GuiVanBan_TC_14_4 - Gửi tin nhắn văn bản nhập trên 500 ký tự",
              "fullTitle": "GuiVanBan_TC_14 - Gửi tin nhắn văn bản GuiVanBan_TC_14_4 - Gửi tin nhắn văn bản nhập trên 500 ký tự",
              "timedOut": false,
              "duration": 7725,
              "state": "failed",
              "speed": null,
              "pass": false,
              "fail": true,
              "pending": false,
              "context": null,
              "code": "// Giả định người dùng đã đăng nhập và đang ở trang nhắn tin\nawait driver.get(\"http://localhost:5173/chats/6641d48a0e56ccbea8104679\"); // URL trang nhắn tin\nawait driver.sleep(500);\nconst messageInput = await driver.findElement(\n  By.css(\"textarea[name='message']\"),\n);\nconst messageContent = `Việt Nam là một quốc gia nằm ở khu vực Đông Nam Á, nổi tiếng với nền văn hóa đa dạng và phong phú. Từ Bắc vào Nam, mỗi vùng miền đều mang trong mình nét đặc trưng riêng, từ trang phục truyền thống, phong tục, tập quán đến các món ăn nổi tiếng. Hà Nội, thủ đô của Việt Nam, có lịch sử lâu đời và sở hữu nhiều công trình kiến trúc cổ kính như Văn Miếu Quốc Tử Giám, Hồ Gươm. Trong khi đó, thành phố Hồ Chí Minh, trung tâm kinh tế lớn nhất, lại mang dáng vẻ hiện đại, sôi động với những tòa nhà chọc trời. Việt Nam còn có nhiều danh lam thắng cảnh nổi tiếng như Vịnh Hạ Long - kỳ quan thiên nhiên của thế giới, phố cổ Hội An, quần thể Tràng An ở Ninh Bình. Ẩm thực Việt Nam cũng là một phần quan trọng, được nhiều người trên thế giới yêu thích nhờ hương vị tinh tế, đậm đà. Những món ăn như phở, bánh mì, gỏi cuốn đều mang hương vị đặc trưng và hấp dẫn. Đặc biệt, lòng mến khách và tình cảm chân thành của người Việt để lại ấn tượng sâu sắc với du khách. Với tất cả vẻ đẹp văn hóa và tự nhiên, Việt Nam là một điểm đến du lịch hấp dẫn, thu hút đông đảo du khách quốc tế.`\nconsole.log('độ dài: ', messageContent.length);\nawait messageInput.sendKeys(messageContent);\nawait messageInput.sendKeys(Key.ENTER);\nawait driver.sleep(500);\n// Kiểm tra kết quả kỳ vọng: Hiển thị thông báo lỗi\nconst errorElement = await driver.wait(\n  until.elementLocated(\n    By.css(\n      \".Toastify__toast.Toastify__toast--error\",\n    ),\n  ),\n  5000,\n);\nconst errorMessage = await errorElement?.getText();\nawait driver.sleep(500);\n// So sánh với thông báo lỗi dự kiến\nexpect(errorMessage).to.equal(\"Nội dung tin nhắn chỉ chứa tối đa 500 ký tự\");",
              "err": {
                "message": "TimeoutError: Waiting for element to be located By(css selector, .Toastify__toast.Toastify__toast--error)\nWait timed out after 5066ms",
                "estack": "TimeoutError: Waiting for element to be located By(css selector, .Toastify__toast.Toastify__toast--error)\nWait timed out after 5066ms\n    at D:\\DAI_HOC\\NAM_4\\KI_1\\KiemThu\\AutoTest\\node_modules\\selenium-webdriver\\lib\\webdriver.js:928:22\n    at process.processTicksAndRejections (node:internal/process/task_queues:95:5)",
                "diff": null
              },
              "uuid": "feb4120e-59a5-46d8-b5bc-47291c1f66d1",
              "parentUUID": "c8150900-aba4-4719-8c67-b58908f39db8",
              "isHook": false,
              "skipped": false
            },
            {
              "title": "GuiVanBan_TC_14_5 - Gửi tin nhắn văn bản nhập sql injection",
              "fullTitle": "GuiVanBan_TC_14 - Gửi tin nhắn văn bản GuiVanBan_TC_14_5 - Gửi tin nhắn văn bản nhập sql injection",
              "timedOut": false,
              "duration": 3732,
              "state": "passed",
              "speed": "slow",
              "pass": true,
              "fail": false,
              "pending": false,
              "context": null,
              "code": "// Giả định người dùng đã đăng nhập và đang ở trang nhắn tin\nawait driver.get(\"http://localhost:5173/chats/6641d48a0e56ccbea8104679\"); // URL trang nhắn tin\nawait driver.sleep(500);\nconst messageInput = await driver.findElement(\n  By.css(\"textarea[name='message']\"),\n);\nconst messageContent = `' OR '1' = '1`\nawait messageInput.sendKeys(messageContent);\nawait messageInput.sendKeys(Key.ENTER);\nawait driver.sleep(3000);\n// Lấy danh sách tin nhắn\nconst messages = await driver.findElements(By.css(\".message\")); // `.message-content` là selector của mỗi tin nhắn\n// Lấy tin nhắn cuối cùng\nconst lastMessage = messages[messages.length - 1];\nconst lastMessageContent = await lastMessage.getText();\n// Kiểm tra xem nội dung tin nhắn cuối có khớp không\nexpect(lastMessageContent).to.equal(messageContent);",
              "err": {},
              "uuid": "8445777a-f471-4188-9fc7-f9c334912477",
              "parentUUID": "c8150900-aba4-4719-8c67-b58908f39db8",
              "isHook": false,
              "skipped": false
            },
            {
              "title": "GuiVanBan_TC_14_6 - Gửi tin nhắn văn bản nhập html injection",
              "fullTitle": "GuiVanBan_TC_14 - Gửi tin nhắn văn bản GuiVanBan_TC_14_6 - Gửi tin nhắn văn bản nhập html injection",
              "timedOut": false,
              "duration": 4180,
              "state": "passed",
              "speed": "slow",
              "pass": true,
              "fail": false,
              "pending": false,
              "context": null,
              "code": "// Giả định người dùng đã đăng nhập và đang ở trang nhắn tin\nawait driver.get(\"http://localhost:5173/chats/6641d48a0e56ccbea8104679\"); // URL trang nhắn tin\nawait driver.sleep(500);\nconst messageInput = await driver.findElement(\n  By.css(\"textarea[name='message']\"),\n);\nconst messageContent = `<script>alert('Đây là một cuộc tấn công HTML Injection!');</script>`\nawait messageInput.sendKeys(messageContent);\nawait messageInput.sendKeys(Key.ENTER);\nawait driver.sleep(3000);\n// Lấy danh sách tin nhắn\nconst messages = await driver.findElements(By.css(\".message\")); // `.message-content` là selector của mỗi tin nhắn\n// Lấy tin nhắn cuối cùng\nconst lastMessage = messages[messages.length - 1];\nconst lastMessageContent = await lastMessage.getText();\n// Kiểm tra xem nội dung tin nhắn cuối có khớp không\nexpect(lastMessageContent).to.equal(messageContent);",
              "err": {},
              "uuid": "1c9aa0c3-7d8c-414c-b0fd-d70901b73974",
              "parentUUID": "c8150900-aba4-4719-8c67-b58908f39db8",
              "isHook": false,
              "skipped": false
            }
          ],
          "suites": [],
          "passes": [
            "68246448-6630-4120-bcf6-1fb3cd633e18",
            "7ae13f41-307f-47ac-bc48-7f3af293c48e",
            "cc3d4ea1-0a43-4c10-ae8d-7b0f01fe59a7",
            "8445777a-f471-4188-9fc7-f9c334912477",
            "1c9aa0c3-7d8c-414c-b0fd-d70901b73974"
          ],
          "failures": [
            "feb4120e-59a5-46d8-b5bc-47291c1f66d1"
          ],
          "pending": [],
          "skipped": [],
          "duration": 23201,
          "root": false,
          "rootEmpty": false,
          "_timeout": 30000
        },
        {
          "uuid": "b532e771-62f3-4e36-a58b-fa4266304762",
          "title": "GuiHinhAnh_TC_15 - Gửi tin nhắn hình ảnh",
          "fullFile": "D:\\DAI_HOC\\NAM_4\\KI_1\\KiemThu\\AutoTest\\test\\tc_15.js",
          "file": "\\test\\tc_15.js",
          "beforeHooks": [
            {
              "title": "\"before all\" hook in \"GuiHinhAnh_TC_15 - Gửi tin nhắn hình ảnh\"",
              "fullTitle": "GuiHinhAnh_TC_15 - Gửi tin nhắn hình ảnh \"before all\" hook in \"GuiHinhAnh_TC_15 - Gửi tin nhắn hình ảnh\"",
              "timedOut": false,
              "duration": 2305,
              "state": null,
              "speed": null,
              "pass": false,
              "fail": false,
              "pending": false,
              "context": null,
              "code": "// Khởi tạo WebDriver cho trình duyệt Chrome\ndriver = await new Builder().forBrowser(Browser.CHROME).build();\nawait handleLogin(driver);",
              "err": {},
              "uuid": "61c0daee-4f6a-4f30-a74c-d3fa9f8651e7",
              "parentUUID": "b532e771-62f3-4e36-a58b-fa4266304762",
              "isHook": true,
              "skipped": false
            }
          ],
          "afterHooks": [
            {
              "title": "\"after all\" hook in \"GuiHinhAnh_TC_15 - Gửi tin nhắn hình ảnh\"",
              "fullTitle": "GuiHinhAnh_TC_15 - Gửi tin nhắn hình ảnh \"after all\" hook in \"GuiHinhAnh_TC_15 - Gửi tin nhắn hình ảnh\"",
              "timedOut": false,
              "duration": 52,
              "state": null,
              "speed": null,
              "pass": false,
              "fail": false,
              "pending": false,
              "context": null,
              "code": "// Đóng WebDriver sau khi hoàn thành kiểm thử\nawait driver.quit();",
              "err": {},
              "uuid": "f91bcd92-7b68-4501-80a4-a199c73d5aca",
              "parentUUID": "b532e771-62f3-4e36-a58b-fa4266304762",
              "isHook": true,
              "skipped": false
            },
            {
              "title": "\"after each\" hook in \"GuiHinhAnh_TC_15 - Gửi tin nhắn hình ảnh\"",
              "fullTitle": "GuiHinhAnh_TC_15 - Gửi tin nhắn hình ảnh \"after each\" hook in \"GuiHinhAnh_TC_15 - Gửi tin nhắn hình ảnh\"",
              "timedOut": false,
              "duration": 1009,
              "state": null,
              "speed": null,
              "pass": false,
              "fail": false,
              "pending": false,
              "context": null,
              "code": "await driver.sleep(1000)",
              "err": {},
              "uuid": "9fcda348-c7f2-4ac0-b118-980a1bfa28d7",
              "parentUUID": "b532e771-62f3-4e36-a58b-fa4266304762",
              "isHook": true,
              "skipped": false
            }
          ],
          "tests": [
            {
              "title": "GuiHinhAnh_TC_15_1 - Gửi tin nhắn hình ảnh không đúng định dạng ảnh",
              "fullTitle": "GuiHinhAnh_TC_15 - Gửi tin nhắn hình ảnh GuiHinhAnh_TC_15_1 - Gửi tin nhắn hình ảnh không đúng định dạng ảnh",
              "timedOut": false,
              "duration": 5792,
              "state": "failed",
              "speed": null,
              "pass": false,
              "fail": true,
              "pending": false,
              "context": null,
              "code": "const pathKey = path.resolve(__dirname, '../files', 'final.docx')\nconst expectRs = \"File không đúng định dạng ảnh\"\n// Giả định người dùng đã đăng nhập và đang ở trang nhắn tin\nawait driver.get(\"http://localhost:5173/chats/6641d48a0e56ccbea8104679\"); // URL trang nhắn tin\nawait driver.sleep(500);\n// Bước 1: Không nhập nội dung vào ô tin nhắn\nconst sendImageInput = await driver.findElement(\n    By.id(\"upload-image-btn\"),\n);\nawait sendImageInput.sendKeys(pathKey); // Đảm bảo ô tin nhắn trống\n// Kiểm tra kết quả kỳ vọng: Hiển thị thông báo lỗi\nconst errorElement = await driver.wait(\n    until.elementLocated(\n        By.css(\n            \".Toastify__toast.Toastify__toast--error\",\n        ),\n    ),\n    5000,\n);\nconst errorMessage = await errorElement?.getText();\nawait driver.sleep(500);\n// So sánh với thông báo lỗi dự kiến\nexpect(errorMessage).to.equal(expectRs);",
              "err": {
                "message": "TimeoutError: Waiting for element to be located By(css selector, .Toastify__toast.Toastify__toast--error)\nWait timed out after 5009ms",
                "estack": "TimeoutError: Waiting for element to be located By(css selector, .Toastify__toast.Toastify__toast--error)\nWait timed out after 5009ms\n    at D:\\DAI_HOC\\NAM_4\\KI_1\\KiemThu\\AutoTest\\node_modules\\selenium-webdriver\\lib\\webdriver.js:928:22\n    at process.processTicksAndRejections (node:internal/process/task_queues:95:5)",
                "diff": null
              },
              "uuid": "804ef8c0-7f97-477f-ad50-11fa828d497c",
              "parentUUID": "b532e771-62f3-4e36-a58b-fa4266304762",
              "isHook": false,
              "skipped": false
            },
            {
              "title": "GuiHinhAnh_TC_15_2 - Gửi tin nhắn hình ảnh đúng định dạng ảnh",
              "fullTitle": "GuiHinhAnh_TC_15 - Gửi tin nhắn hình ảnh GuiHinhAnh_TC_15_2 - Gửi tin nhắn hình ảnh đúng định dạng ảnh",
              "timedOut": false,
              "duration": 6814,
              "state": "passed",
              "speed": "slow",
              "pass": true,
              "fail": false,
              "pending": false,
              "context": null,
              "code": "const pathKey = path.resolve(__dirname, '../files', 'change.png')\nconst expectRs = 'img'\n// Giả định người dùng đã đăng nhập và đang ở trang nhắn tin\nawait driver.get(\"http://localhost:5173/chats/6641d48a0e56ccbea8104679\"); // URL trang nhắn tin\nawait driver.sleep(500);\n// Bước 1: Không nhập nội dung vào ô tin nhắn\nconst sendImageInput = await driver.findElement(\n    By.id(\"upload-image-btn\"),\n);\nawait sendImageInput.sendKeys(pathKey);\nawait driver.sleep(6000);\n// Lấy danh sách tin nhắn\nconst messages = await driver.findElements(By.css(\".message\")); // `.message-content` là selector của mỗi tin nhắn\n// Lấy tin nhắn cuối cùng\nconst lastMessage = messages[messages.length - 1];\n// Kiểm tra xem có phần tử con là <img> không\nconst imgElement = await lastMessage.findElement(By.css(expectRs));\n// Kiểm tra sự tồn tại của phần tử <img>\nexpect(imgElement).to.exist;",
              "err": {},
              "uuid": "0c12b496-c6a0-4e13-907c-42420fa3d8ae",
              "parentUUID": "b532e771-62f3-4e36-a58b-fa4266304762",
              "isHook": false,
              "skipped": false
            },
            {
              "title": "GuiHinhAnh_TC_15_3 - Gửi tin nhắn hình ảnh với đuôi file không được phép",
              "fullTitle": "GuiHinhAnh_TC_15 - Gửi tin nhắn hình ảnh GuiHinhAnh_TC_15_3 - Gửi tin nhắn hình ảnh với đuôi file không được phép",
              "timedOut": false,
              "duration": 5617,
              "state": "failed",
              "speed": null,
              "pass": false,
              "fail": true,
              "pending": false,
              "context": null,
              "code": "const pathKey = path.resolve(__dirname, '../files', 'change.zip')\nconst expectRs = \"File không được phép gửi\"\n// Giả định người dùng đã đăng nhập và đang ở trang nhắn tin\nawait driver.get(\"http://localhost:5173/chats/6641d48a0e56ccbea8104679\"); // URL trang nhắn tin\nawait driver.sleep(500);\n// Bước 1: Không nhập nội dung vào ô tin nhắn\nconst sendImageInput = await driver.findElement(\n    By.id(\"upload-image-btn\"),\n);\nawait sendImageInput.sendKeys(pathKey);\n// Kiểm tra kết quả kỳ vọng: Hiển thị thông báo lỗi\nconst errorElement = await driver.wait(\n    until.elementLocated(\n        By.css(\n            \".Toastify__toast.Toastify__toast--error\",\n        ),\n    ),\n    5000,\n);\nconst errorMessage = await errorElement?.getText();\nawait driver.sleep(500);\n// So sánh với thông báo lỗi dự kiến\nexpect(errorMessage).to.equal(expectRs);",
              "err": {
                "message": "TimeoutError: Waiting for element to be located By(css selector, .Toastify__toast.Toastify__toast--error)\nWait timed out after 5054ms",
                "estack": "TimeoutError: Waiting for element to be located By(css selector, .Toastify__toast.Toastify__toast--error)\nWait timed out after 5054ms\n    at D:\\DAI_HOC\\NAM_4\\KI_1\\KiemThu\\AutoTest\\node_modules\\selenium-webdriver\\lib\\webdriver.js:928:22\n    at process.processTicksAndRejections (node:internal/process/task_queues:95:5)",
                "diff": null
              },
              "uuid": "773c0ae7-6cab-4486-9628-bb67e344f99f",
              "parentUUID": "b532e771-62f3-4e36-a58b-fa4266304762",
              "isHook": false,
              "skipped": false
            }
          ],
          "suites": [],
          "passes": [
            "0c12b496-c6a0-4e13-907c-42420fa3d8ae"
          ],
          "failures": [
            "804ef8c0-7f97-477f-ad50-11fa828d497c",
            "773c0ae7-6cab-4486-9628-bb67e344f99f"
          ],
          "pending": [],
          "skipped": [],
          "duration": 18223,
          "root": false,
          "rootEmpty": false,
          "_timeout": 30000
        },
        {
          "uuid": "9fa4974e-5ab8-45e9-adcb-a7978f5b5c74",
          "title": "GuiFile_TC_16 - Gửi tin nhắn file",
          "fullFile": "D:\\DAI_HOC\\NAM_4\\KI_1\\KiemThu\\AutoTest\\test\\tc_16.js",
          "file": "\\test\\tc_16.js",
          "beforeHooks": [
            {
              "title": "\"before all\" hook in \"GuiFile_TC_16 - Gửi tin nhắn file\"",
              "fullTitle": "GuiFile_TC_16 - Gửi tin nhắn file \"before all\" hook in \"GuiFile_TC_16 - Gửi tin nhắn file\"",
              "timedOut": false,
              "duration": 2285,
              "state": null,
              "speed": null,
              "pass": false,
              "fail": false,
              "pending": false,
              "context": null,
              "code": "// Khởi tạo WebDriver cho trình duyệt Chrome\ndriver = await new Builder().forBrowser(Browser.CHROME).build();\nawait handleLogin(driver);",
              "err": {},
              "uuid": "6c8a4af4-0232-4058-ac07-43a4086f6a2c",
              "parentUUID": "9fa4974e-5ab8-45e9-adcb-a7978f5b5c74",
              "isHook": true,
              "skipped": false
            }
          ],
          "afterHooks": [
            {
              "title": "\"after all\" hook in \"GuiFile_TC_16 - Gửi tin nhắn file\"",
              "fullTitle": "GuiFile_TC_16 - Gửi tin nhắn file \"after all\" hook in \"GuiFile_TC_16 - Gửi tin nhắn file\"",
              "timedOut": false,
              "duration": 78,
              "state": null,
              "speed": null,
              "pass": false,
              "fail": false,
              "pending": false,
              "context": null,
              "code": "// Đóng WebDriver sau khi hoàn thành kiểm thử\nawait driver.quit();",
              "err": {},
              "uuid": "ff10e4a5-41c5-45a2-986d-732da626f3ac",
              "parentUUID": "9fa4974e-5ab8-45e9-adcb-a7978f5b5c74",
              "isHook": true,
              "skipped": false
            },
            {
              "title": "\"after each\" hook in \"GuiFile_TC_16 - Gửi tin nhắn file\"",
              "fullTitle": "GuiFile_TC_16 - Gửi tin nhắn file \"after each\" hook in \"GuiFile_TC_16 - Gửi tin nhắn file\"",
              "timedOut": false,
              "duration": 1006,
              "state": null,
              "speed": null,
              "pass": false,
              "fail": false,
              "pending": false,
              "context": null,
              "code": "await driver.sleep(1000)",
              "err": {},
              "uuid": "204f5f60-3bcd-4764-a440-565676abbaa2",
              "parentUUID": "9fa4974e-5ab8-45e9-adcb-a7978f5b5c74",
              "isHook": true,
              "skipped": false
            }
          ],
          "tests": [
            {
              "title": "GuiFile_TC_16_1 - Gửi tin nhắn file hợp lệ",
              "fullTitle": "GuiFile_TC_16 - Gửi tin nhắn file GuiFile_TC_16_1 - Gửi tin nhắn file hợp lệ",
              "timedOut": false,
              "duration": 7787,
              "state": "passed",
              "speed": "slow",
              "pass": true,
              "fail": false,
              "pending": false,
              "context": null,
              "code": "const pathKey = path.resolve(__dirname, '../files', 'change.png')\nconst expectRs = 'a'\n// Giả định người dùng đã đăng nhập và đang ở trang nhắn tin\nawait driver.get(\"http://localhost:5173/chats/6641d48a0e56ccbea8104679\"); // URL trang nhắn tin\nawait driver.sleep(500);\n// Bước 1: Không nhập nội dung vào ô tin nhắn\nconst sendFileInput = await driver.findElement(\n    By.id(\"upload-file-btn\"),\n);\nawait sendFileInput.sendKeys(pathKey);\nawait driver.sleep(7000);\n// Lấy danh sách tin nhắn\nconst messages = await driver.findElements(By.css(\".message\")); // `.message-content` là selector của mỗi tin nhắn\n// Lấy tin nhắn cuối cùng\nconst lastMessage = messages[messages.length - 1];\nconst lastMessageTag = await lastMessage.getTagName(); // Lấy tên thẻ\n// So sánh với tên thẻ mong đợi\nexpect(lastMessageTag).to.equal(expectRs);",
              "err": {},
              "uuid": "46cd5fd0-ea87-42bc-9f6d-43ec7bfb26cf",
              "parentUUID": "9fa4974e-5ab8-45e9-adcb-a7978f5b5c74",
              "isHook": false,
              "skipped": false
            },
            {
              "title": "GuiFile_TC_16_2 - Gửi tin nhắn file với đuôi file không được phép",
              "fullTitle": "GuiFile_TC_16 - Gửi tin nhắn file GuiFile_TC_16_2 - Gửi tin nhắn file với đuôi file không được phép",
              "timedOut": false,
              "duration": 5778,
              "state": "failed",
              "speed": null,
              "pass": false,
              "fail": true,
              "pending": false,
              "context": null,
              "code": "const pathKey = path.resolve(__dirname, '../files', 'change.zip')\nconst expectRs = \"File không được phép gửi\"\n// Giả định người dùng đã đăng nhập và đang ở trang nhắn tin\nawait driver.get(\"http://localhost:5173/chats/6641d48a0e56ccbea8104679\"); // URL trang nhắn tin\nawait driver.sleep(500);\n// Bước 1: Không nhập nội dung vào ô tin nhắn\nconst sendImageInput = await driver.findElement(\n    By.id(\"upload-file-btn\"),\n);\nawait sendImageInput.sendKeys(pathKey);\n// Kiểm tra kết quả kỳ vọng: Hiển thị thông báo lỗi\nconst errorElement = await driver.wait(\n    until.elementLocated(\n        By.css(\n            \".Toastify__toast.Toastify__toast--error\",\n        ),\n    ),\n    5000,\n);\nconst errorMessage = await errorElement.getText();\nawait driver.sleep(500);\n// So sánh với thông báo lỗi dự kiến\nexpect(errorMessage).to.equal(expectRs);",
              "err": {
                "message": "TimeoutError: Waiting for element to be located By(css selector, .Toastify__toast.Toastify__toast--error)\nWait timed out after 5040ms",
                "estack": "TimeoutError: Waiting for element to be located By(css selector, .Toastify__toast.Toastify__toast--error)\nWait timed out after 5040ms\n    at D:\\DAI_HOC\\NAM_4\\KI_1\\KiemThu\\AutoTest\\node_modules\\selenium-webdriver\\lib\\webdriver.js:928:22\n    at process.processTicksAndRejections (node:internal/process/task_queues:95:5)",
                "diff": null
              },
              "uuid": "0026a70b-70ab-4a16-baf5-54b3275cd5da",
              "parentUUID": "9fa4974e-5ab8-45e9-adcb-a7978f5b5c74",
              "isHook": false,
              "skipped": false
            }
          ],
          "suites": [],
          "passes": [
            "46cd5fd0-ea87-42bc-9f6d-43ec7bfb26cf"
          ],
          "failures": [
            "0026a70b-70ab-4a16-baf5-54b3275cd5da"
          ],
          "pending": [],
          "skipped": [],
          "duration": 13565,
          "root": false,
          "rootEmpty": false,
          "_timeout": 30000
        }
      ],
      "passes": [],
      "failures": [],
      "pending": [],
      "skipped": [],
      "duration": 0,
      "root": true,
      "rootEmpty": true,
      "_timeout": 2000
    }
  ],
  "meta": {
    "mocha": {
      "version": "10.8.2"
    },
    "mochawesome": {
      "options": {
        "quiet": false,
        "reportFilename": "mochawesome",
        "saveHtml": true,
        "saveJson": true,
        "consoleReporter": "spec",
        "useInlineDiffs": false,
        "code": true
      },
      "version": "7.1.3"
    },
    "marge": {
      "options": null,
      "version": "6.2.0"
    }
  }
}